<?xml version="1.0" encoding="UTF-8"?>
<testsuite xmlns:xsi="http://www.w3.org/2001/XMLSchema-instance" xsi:noNamespaceSchemaLocation="https://maven.apache.org/surefire/maven-surefire-plugin/xsd/surefire-test-report.xsd" name="com.pkaushik.safeHome.SafeHomeApplicationTests" time="9.371" tests="15" errors="0" skipped="0" failures="3">
  <properties>
    <property name="sun.desktop" value="windows"/>
    <property name="awt.toolkit" value="sun.awt.windows.WToolkit"/>
    <property name="file.encoding.pkg" value="sun.io"/>
    <property name="java.specification.version" value="1.8"/>
    <property name="sun.cpu.isalist" value="amd64"/>
    <property name="sun.jnu.encoding" value="Cp1252"/>
    <property name="java.class.path" value="C:\Users\preyansh.kaushik\Documents\rogers-test\target\test-classes;C:\Users\preyansh.kaushik\Documents\rogers-test\target\classes;C:\Users\preyansh.kaushik\.m2\repository\org\springframework\boot\spring-boot-starter-aop\2.2.0.M2\spring-boot-starter-aop-2.2.0.M2.jar;C:\Users\preyansh.kaushik\.m2\repository\org\springframework\boot\spring-boot-starter\2.2.0.M2\spring-boot-starter-2.2.0.M2.jar;C:\Users\preyansh.kaushik\.m2\repository\org\springframework\boot\spring-boot-starter-logging\2.2.0.M2\spring-boot-starter-logging-2.2.0.M2.jar;C:\Users\preyansh.kaushik\.m2\repository\ch\qos\logback\logback-classic\1.2.3\logback-classic-1.2.3.jar;C:\Users\preyansh.kaushik\.m2\repository\ch\qos\logback\logback-core\1.2.3\logback-core-1.2.3.jar;C:\Users\preyansh.kaushik\.m2\repository\org\apache\logging\log4j\log4j-to-slf4j\2.11.2\log4j-to-slf4j-2.11.2.jar;C:\Users\preyansh.kaushik\.m2\repository\org\apache\logging\log4j\log4j-api\2.11.2\log4j-api-2.11.2.jar;C:\Users\preyansh.kaushik\.m2\repository\org\slf4j\jul-to-slf4j\1.7.26\jul-to-slf4j-1.7.26.jar;C:\Users\preyansh.kaushik\.m2\repository\jakarta\annotation\jakarta.annotation-api\1.3.4\jakarta.annotation-api-1.3.4.jar;C:\Users\preyansh.kaushik\.m2\repository\org\yaml\snakeyaml\1.24\snakeyaml-1.24.jar;C:\Users\preyansh.kaushik\.m2\repository\org\springframework\spring-aop\5.2.0.M1\spring-aop-5.2.0.M1.jar;C:\Users\preyansh.kaushik\.m2\repository\org\springframework\spring-beans\5.2.0.M1\spring-beans-5.2.0.M1.jar;C:\Users\preyansh.kaushik\.m2\repository\org\aspectj\aspectjweaver\1.9.3\aspectjweaver-1.9.3.jar;C:\Users\preyansh.kaushik\.m2\repository\org\springframework\boot\spring-boot-starter-web\2.2.0.M2\spring-boot-starter-web-2.2.0.M2.jar;C:\Users\preyansh.kaushik\.m2\repository\org\springframework\boot\spring-boot-starter-json\2.2.0.M2\spring-boot-starter-json-2.2.0.M2.jar;C:\Users\preyansh.kaushik\.m2\repository\com\fasterxml\jackson\core\jackson-databind\2.9.8\jackson-databind-2.9.8.jar;C:\Users\preyansh.kaushik\.m2\repository\com\fasterxml\jackson\core\jackson-annotations\2.9.0\jackson-annotations-2.9.0.jar;C:\Users\preyansh.kaushik\.m2\repository\com\fasterxml\jackson\core\jackson-core\2.9.8\jackson-core-2.9.8.jar;C:\Users\preyansh.kaushik\.m2\repository\com\fasterxml\jackson\datatype\jackson-datatype-jdk8\2.9.8\jackson-datatype-jdk8-2.9.8.jar;C:\Users\preyansh.kaushik\.m2\repository\com\fasterxml\jackson\datatype\jackson-datatype-jsr310\2.9.8\jackson-datatype-jsr310-2.9.8.jar;C:\Users\preyansh.kaushik\.m2\repository\com\fasterxml\jackson\module\jackson-module-parameter-names\2.9.8\jackson-module-parameter-names-2.9.8.jar;C:\Users\preyansh.kaushik\.m2\repository\org\springframework\boot\spring-boot-starter-tomcat\2.2.0.M2\spring-boot-starter-tomcat-2.2.0.M2.jar;C:\Users\preyansh.kaushik\.m2\repository\org\apache\tomcat\embed\tomcat-embed-core\9.0.17\tomcat-embed-core-9.0.17.jar;C:\Users\preyansh.kaushik\.m2\repository\org\apache\tomcat\embed\tomcat-embed-el\9.0.17\tomcat-embed-el-9.0.17.jar;C:\Users\preyansh.kaushik\.m2\repository\org\apache\tomcat\embed\tomcat-embed-websocket\9.0.17\tomcat-embed-websocket-9.0.17.jar;C:\Users\preyansh.kaushik\.m2\repository\org\springframework\boot\spring-boot-starter-validation\2.2.0.M2\spring-boot-starter-validation-2.2.0.M2.jar;C:\Users\preyansh.kaushik\.m2\repository\jakarta\validation\jakarta.validation-api\2.0.1\jakarta.validation-api-2.0.1.jar;C:\Users\preyansh.kaushik\.m2\repository\org\hibernate\validator\hibernate-validator\6.0.16.Final\hibernate-validator-6.0.16.Final.jar;C:\Users\preyansh.kaushik\.m2\repository\org\jboss\logging\jboss-logging\3.3.2.Final\jboss-logging-3.3.2.Final.jar;C:\Users\preyansh.kaushik\.m2\repository\com\fasterxml\classmate\1.5.0\classmate-1.5.0.jar;C:\Users\preyansh.kaushik\.m2\repository\org\springframework\spring-web\5.2.0.M1\spring-web-5.2.0.M1.jar;C:\Users\preyansh.kaushik\.m2\repository\org\springframework\spring-webmvc\5.2.0.M1\spring-webmvc-5.2.0.M1.jar;C:\Users\preyansh.kaushik\.m2\repository\org\springframework\spring-context\5.2.0.M1\spring-context-5.2.0.M1.jar;C:\Users\preyansh.kaushik\.m2\repository\org\springframework\spring-expression\5.2.0.M1\spring-expression-5.2.0.M1.jar;C:\Users\preyansh.kaushik\.m2\repository\org\springframework\boot\spring-boot-starter-websocket\2.2.0.M2\spring-boot-starter-websocket-2.2.0.M2.jar;C:\Users\preyansh.kaushik\.m2\repository\org\springframework\spring-messaging\5.2.0.M1\spring-messaging-5.2.0.M1.jar;C:\Users\preyansh.kaushik\.m2\repository\org\springframework\spring-websocket\5.2.0.M1\spring-websocket-5.2.0.M1.jar;C:\Users\preyansh.kaushik\.m2\repository\org\springframework\session\spring-session-core\2.2.0.M1\spring-session-core-2.2.0.M1.jar;C:\Users\preyansh.kaushik\.m2\repository\org\springframework\spring-jcl\5.2.0.M1\spring-jcl-5.2.0.M1.jar;C:\Users\preyansh.kaushik\.m2\repository\org\springframework\boot\spring-boot-devtools\2.2.0.M2\spring-boot-devtools-2.2.0.M2.jar;C:\Users\preyansh.kaushik\.m2\repository\org\springframework\boot\spring-boot\2.2.0.M2\spring-boot-2.2.0.M2.jar;C:\Users\preyansh.kaushik\.m2\repository\org\springframework\boot\spring-boot-autoconfigure\2.2.0.M2\spring-boot-autoconfigure-2.2.0.M2.jar;C:\Users\preyansh.kaushik\.m2\repository\org\postgresql\postgresql\42.2.5\postgresql-42.2.5.jar;C:\Users\preyansh.kaushik\.m2\repository\org\springframework\boot\spring-boot-starter-test\2.2.0.M2\spring-boot-starter-test-2.2.0.M2.jar;C:\Users\preyansh.kaushik\.m2\repository\org\springframework\boot\spring-boot-test\2.2.0.M2\spring-boot-test-2.2.0.M2.jar;C:\Users\preyansh.kaushik\.m2\repository\org\springframework\boot\spring-boot-test-autoconfigure\2.2.0.M2\spring-boot-test-autoconfigure-2.2.0.M2.jar;C:\Users\preyansh.kaushik\.m2\repository\com\jayway\jsonpath\json-path\2.4.0\json-path-2.4.0.jar;C:\Users\preyansh.kaushik\.m2\repository\net\minidev\json-smart\2.3\json-smart-2.3.jar;C:\Users\preyansh.kaushik\.m2\repository\net\minidev\accessors-smart\1.2\accessors-smart-1.2.jar;C:\Users\preyansh.kaushik\.m2\repository\org\ow2\asm\asm\5.0.4\asm-5.0.4.jar;C:\Users\preyansh.kaushik\.m2\repository\org\slf4j\slf4j-api\1.7.26\slf4j-api-1.7.26.jar;C:\Users\preyansh.kaushik\.m2\repository\jakarta\xml\bind\jakarta.xml.bind-api\2.3.2\jakarta.xml.bind-api-2.3.2.jar;C:\Users\preyansh.kaushik\.m2\repository\jakarta\activation\jakarta.activation-api\1.2.1\jakarta.activation-api-1.2.1.jar;C:\Users\preyansh.kaushik\.m2\repository\junit\junit\4.12\junit-4.12.jar;C:\Users\preyansh.kaushik\.m2\repository\org\assertj\assertj-core\3.12.2\assertj-core-3.12.2.jar;C:\Users\preyansh.kaushik\.m2\repository\org\hamcrest\hamcrest-core\1.3\hamcrest-core-1.3.jar;C:\Users\preyansh.kaushik\.m2\repository\org\hamcrest\hamcrest-library\1.3\hamcrest-library-1.3.jar;C:\Users\preyansh.kaushik\.m2\repository\org\mockito\mockito-core\2.25.1\mockito-core-2.25.1.jar;C:\Users\preyansh.kaushik\.m2\repository\net\bytebuddy\byte-buddy\1.9.12\byte-buddy-1.9.12.jar;C:\Users\preyansh.kaushik\.m2\repository\net\bytebuddy\byte-buddy-agent\1.9.12\byte-buddy-agent-1.9.12.jar;C:\Users\preyansh.kaushik\.m2\repository\org\objenesis\objenesis\2.6\objenesis-2.6.jar;C:\Users\preyansh.kaushik\.m2\repository\org\skyscreamer\jsonassert\1.5.0\jsonassert-1.5.0.jar;C:\Users\preyansh.kaushik\.m2\repository\com\vaadin\external\google\android-json\0.0.20131108.vaadin1\android-json-0.0.20131108.vaadin1.jar;C:\Users\preyansh.kaushik\.m2\repository\org\springframework\spring-core\5.2.0.M1\spring-core-5.2.0.M1.jar;C:\Users\preyansh.kaushik\.m2\repository\org\springframework\spring-test\5.2.0.M1\spring-test-5.2.0.M1.jar;C:\Users\preyansh.kaushik\.m2\repository\org\xmlunit\xmlunit-core\2.6.2\xmlunit-core-2.6.2.jar;C:\Users\preyansh.kaushik\.m2\repository\org\assertj\assertj-swing-junit\3.9.2\assertj-swing-junit-3.9.2.jar;C:\Users\preyansh.kaushik\.m2\repository\org\assertj\assertj-swing\3.9.2\assertj-swing-3.9.2.jar;C:\Users\preyansh.kaushik\.m2\repository\org\easytesting\fest-util\1.2.5\fest-util-1.2.5.jar;C:\Users\preyansh.kaushik\.m2\repository\org\easytesting\fest-reflect\1.4.1\fest-reflect-1.4.1.jar;"/>
    <property name="java.vm.vendor" value="Oracle Corporation"/>
    <property name="sun.arch.data.model" value="64"/>
    <property name="user.variant" value=""/>
    <property name="java.vendor.url" value="http://java.oracle.com/"/>
    <property name="user.timezone" value="America/New_York"/>
    <property name="java.vm.specification.version" value="1.8"/>
    <property name="os.name" value="Windows 10"/>
    <property name="user.country" value="CA"/>
    <property name="sun.java.launcher" value="SUN_STANDARD"/>
    <property name="sun.boot.library.path" value="C:\Program Files\Java\jdk1.8.0_211\jre\bin"/>
    <property name="sun.java.command" value="C:\Users\PREYAN~1.KAU\AppData\Local\Temp\surefire248844996239466474\surefirebooter1673286319907723120.jar C:\Users\preyansh.kaushik\AppData\Local\Temp\surefire248844996239466474 2019-05-22T11-08-42_317-jvmRun1 surefire7950760353222582757tmp surefire_08588414696110580137tmp"/>
    <property name="surefire.test.class.path" value="C:\Users\preyansh.kaushik\Documents\rogers-test\target\test-classes;C:\Users\preyansh.kaushik\Documents\rogers-test\target\classes;C:\Users\preyansh.kaushik\.m2\repository\org\springframework\boot\spring-boot-starter-aop\2.2.0.M2\spring-boot-starter-aop-2.2.0.M2.jar;C:\Users\preyansh.kaushik\.m2\repository\org\springframework\boot\spring-boot-starter\2.2.0.M2\spring-boot-starter-2.2.0.M2.jar;C:\Users\preyansh.kaushik\.m2\repository\org\springframework\boot\spring-boot-starter-logging\2.2.0.M2\spring-boot-starter-logging-2.2.0.M2.jar;C:\Users\preyansh.kaushik\.m2\repository\ch\qos\logback\logback-classic\1.2.3\logback-classic-1.2.3.jar;C:\Users\preyansh.kaushik\.m2\repository\ch\qos\logback\logback-core\1.2.3\logback-core-1.2.3.jar;C:\Users\preyansh.kaushik\.m2\repository\org\apache\logging\log4j\log4j-to-slf4j\2.11.2\log4j-to-slf4j-2.11.2.jar;C:\Users\preyansh.kaushik\.m2\repository\org\apache\logging\log4j\log4j-api\2.11.2\log4j-api-2.11.2.jar;C:\Users\preyansh.kaushik\.m2\repository\org\slf4j\jul-to-slf4j\1.7.26\jul-to-slf4j-1.7.26.jar;C:\Users\preyansh.kaushik\.m2\repository\jakarta\annotation\jakarta.annotation-api\1.3.4\jakarta.annotation-api-1.3.4.jar;C:\Users\preyansh.kaushik\.m2\repository\org\yaml\snakeyaml\1.24\snakeyaml-1.24.jar;C:\Users\preyansh.kaushik\.m2\repository\org\springframework\spring-aop\5.2.0.M1\spring-aop-5.2.0.M1.jar;C:\Users\preyansh.kaushik\.m2\repository\org\springframework\spring-beans\5.2.0.M1\spring-beans-5.2.0.M1.jar;C:\Users\preyansh.kaushik\.m2\repository\org\aspectj\aspectjweaver\1.9.3\aspectjweaver-1.9.3.jar;C:\Users\preyansh.kaushik\.m2\repository\org\springframework\boot\spring-boot-starter-web\2.2.0.M2\spring-boot-starter-web-2.2.0.M2.jar;C:\Users\preyansh.kaushik\.m2\repository\org\springframework\boot\spring-boot-starter-json\2.2.0.M2\spring-boot-starter-json-2.2.0.M2.jar;C:\Users\preyansh.kaushik\.m2\repository\com\fasterxml\jackson\core\jackson-databind\2.9.8\jackson-databind-2.9.8.jar;C:\Users\preyansh.kaushik\.m2\repository\com\fasterxml\jackson\core\jackson-annotations\2.9.0\jackson-annotations-2.9.0.jar;C:\Users\preyansh.kaushik\.m2\repository\com\fasterxml\jackson\core\jackson-core\2.9.8\jackson-core-2.9.8.jar;C:\Users\preyansh.kaushik\.m2\repository\com\fasterxml\jackson\datatype\jackson-datatype-jdk8\2.9.8\jackson-datatype-jdk8-2.9.8.jar;C:\Users\preyansh.kaushik\.m2\repository\com\fasterxml\jackson\datatype\jackson-datatype-jsr310\2.9.8\jackson-datatype-jsr310-2.9.8.jar;C:\Users\preyansh.kaushik\.m2\repository\com\fasterxml\jackson\module\jackson-module-parameter-names\2.9.8\jackson-module-parameter-names-2.9.8.jar;C:\Users\preyansh.kaushik\.m2\repository\org\springframework\boot\spring-boot-starter-tomcat\2.2.0.M2\spring-boot-starter-tomcat-2.2.0.M2.jar;C:\Users\preyansh.kaushik\.m2\repository\org\apache\tomcat\embed\tomcat-embed-core\9.0.17\tomcat-embed-core-9.0.17.jar;C:\Users\preyansh.kaushik\.m2\repository\org\apache\tomcat\embed\tomcat-embed-el\9.0.17\tomcat-embed-el-9.0.17.jar;C:\Users\preyansh.kaushik\.m2\repository\org\apache\tomcat\embed\tomcat-embed-websocket\9.0.17\tomcat-embed-websocket-9.0.17.jar;C:\Users\preyansh.kaushik\.m2\repository\org\springframework\boot\spring-boot-starter-validation\2.2.0.M2\spring-boot-starter-validation-2.2.0.M2.jar;C:\Users\preyansh.kaushik\.m2\repository\jakarta\validation\jakarta.validation-api\2.0.1\jakarta.validation-api-2.0.1.jar;C:\Users\preyansh.kaushik\.m2\repository\org\hibernate\validator\hibernate-validator\6.0.16.Final\hibernate-validator-6.0.16.Final.jar;C:\Users\preyansh.kaushik\.m2\repository\org\jboss\logging\jboss-logging\3.3.2.Final\jboss-logging-3.3.2.Final.jar;C:\Users\preyansh.kaushik\.m2\repository\com\fasterxml\classmate\1.5.0\classmate-1.5.0.jar;C:\Users\preyansh.kaushik\.m2\repository\org\springframework\spring-web\5.2.0.M1\spring-web-5.2.0.M1.jar;C:\Users\preyansh.kaushik\.m2\repository\org\springframework\spring-webmvc\5.2.0.M1\spring-webmvc-5.2.0.M1.jar;C:\Users\preyansh.kaushik\.m2\repository\org\springframework\spring-context\5.2.0.M1\spring-context-5.2.0.M1.jar;C:\Users\preyansh.kaushik\.m2\repository\org\springframework\spring-expression\5.2.0.M1\spring-expression-5.2.0.M1.jar;C:\Users\preyansh.kaushik\.m2\repository\org\springframework\boot\spring-boot-starter-websocket\2.2.0.M2\spring-boot-starter-websocket-2.2.0.M2.jar;C:\Users\preyansh.kaushik\.m2\repository\org\springframework\spring-messaging\5.2.0.M1\spring-messaging-5.2.0.M1.jar;C:\Users\preyansh.kaushik\.m2\repository\org\springframework\spring-websocket\5.2.0.M1\spring-websocket-5.2.0.M1.jar;C:\Users\preyansh.kaushik\.m2\repository\org\springframework\session\spring-session-core\2.2.0.M1\spring-session-core-2.2.0.M1.jar;C:\Users\preyansh.kaushik\.m2\repository\org\springframework\spring-jcl\5.2.0.M1\spring-jcl-5.2.0.M1.jar;C:\Users\preyansh.kaushik\.m2\repository\org\springframework\boot\spring-boot-devtools\2.2.0.M2\spring-boot-devtools-2.2.0.M2.jar;C:\Users\preyansh.kaushik\.m2\repository\org\springframework\boot\spring-boot\2.2.0.M2\spring-boot-2.2.0.M2.jar;C:\Users\preyansh.kaushik\.m2\repository\org\springframework\boot\spring-boot-autoconfigure\2.2.0.M2\spring-boot-autoconfigure-2.2.0.M2.jar;C:\Users\preyansh.kaushik\.m2\repository\org\postgresql\postgresql\42.2.5\postgresql-42.2.5.jar;C:\Users\preyansh.kaushik\.m2\repository\org\springframework\boot\spring-boot-starter-test\2.2.0.M2\spring-boot-starter-test-2.2.0.M2.jar;C:\Users\preyansh.kaushik\.m2\repository\org\springframework\boot\spring-boot-test\2.2.0.M2\spring-boot-test-2.2.0.M2.jar;C:\Users\preyansh.kaushik\.m2\repository\org\springframework\boot\spring-boot-test-autoconfigure\2.2.0.M2\spring-boot-test-autoconfigure-2.2.0.M2.jar;C:\Users\preyansh.kaushik\.m2\repository\com\jayway\jsonpath\json-path\2.4.0\json-path-2.4.0.jar;C:\Users\preyansh.kaushik\.m2\repository\net\minidev\json-smart\2.3\json-smart-2.3.jar;C:\Users\preyansh.kaushik\.m2\repository\net\minidev\accessors-smart\1.2\accessors-smart-1.2.jar;C:\Users\preyansh.kaushik\.m2\repository\org\ow2\asm\asm\5.0.4\asm-5.0.4.jar;C:\Users\preyansh.kaushik\.m2\repository\org\slf4j\slf4j-api\1.7.26\slf4j-api-1.7.26.jar;C:\Users\preyansh.kaushik\.m2\repository\jakarta\xml\bind\jakarta.xml.bind-api\2.3.2\jakarta.xml.bind-api-2.3.2.jar;C:\Users\preyansh.kaushik\.m2\repository\jakarta\activation\jakarta.activation-api\1.2.1\jakarta.activation-api-1.2.1.jar;C:\Users\preyansh.kaushik\.m2\repository\junit\junit\4.12\junit-4.12.jar;C:\Users\preyansh.kaushik\.m2\repository\org\assertj\assertj-core\3.12.2\assertj-core-3.12.2.jar;C:\Users\preyansh.kaushik\.m2\repository\org\hamcrest\hamcrest-core\1.3\hamcrest-core-1.3.jar;C:\Users\preyansh.kaushik\.m2\repository\org\hamcrest\hamcrest-library\1.3\hamcrest-library-1.3.jar;C:\Users\preyansh.kaushik\.m2\repository\org\mockito\mockito-core\2.25.1\mockito-core-2.25.1.jar;C:\Users\preyansh.kaushik\.m2\repository\net\bytebuddy\byte-buddy\1.9.12\byte-buddy-1.9.12.jar;C:\Users\preyansh.kaushik\.m2\repository\net\bytebuddy\byte-buddy-agent\1.9.12\byte-buddy-agent-1.9.12.jar;C:\Users\preyansh.kaushik\.m2\repository\org\objenesis\objenesis\2.6\objenesis-2.6.jar;C:\Users\preyansh.kaushik\.m2\repository\org\skyscreamer\jsonassert\1.5.0\jsonassert-1.5.0.jar;C:\Users\preyansh.kaushik\.m2\repository\com\vaadin\external\google\android-json\0.0.20131108.vaadin1\android-json-0.0.20131108.vaadin1.jar;C:\Users\preyansh.kaushik\.m2\repository\org\springframework\spring-core\5.2.0.M1\spring-core-5.2.0.M1.jar;C:\Users\preyansh.kaushik\.m2\repository\org\springframework\spring-test\5.2.0.M1\spring-test-5.2.0.M1.jar;C:\Users\preyansh.kaushik\.m2\repository\org\xmlunit\xmlunit-core\2.6.2\xmlunit-core-2.6.2.jar;C:\Users\preyansh.kaushik\.m2\repository\org\assertj\assertj-swing-junit\3.9.2\assertj-swing-junit-3.9.2.jar;C:\Users\preyansh.kaushik\.m2\repository\org\assertj\assertj-swing\3.9.2\assertj-swing-3.9.2.jar;C:\Users\preyansh.kaushik\.m2\repository\org\easytesting\fest-util\1.2.5\fest-util-1.2.5.jar;C:\Users\preyansh.kaushik\.m2\repository\org\easytesting\fest-reflect\1.4.1\fest-reflect-1.4.1.jar;"/>
    <property name="sun.cpu.endian" value="little"/>
    <property name="user.home" value="C:\Users\preyansh.kaushik"/>
    <property name="user.language" value="en"/>
    <property name="java.specification.vendor" value="Oracle Corporation"/>
    <property name="java.home" value="C:\Program Files\Java\jdk1.8.0_211\jre"/>
    <property name="basedir" value="C:\Users\preyansh.kaushik\Documents\rogers-test"/>
    <property name="file.separator" value="\"/>
    <property name="line.separator" value="&#10;"/>
    <property name="java.vm.specification.vendor" value="Oracle Corporation"/>
    <property name="java.specification.name" value="Java Platform API Specification"/>
    <property name="java.awt.graphicsenv" value="sun.awt.Win32GraphicsEnvironment"/>
    <property name="surefire.real.class.path" value="C:\Users\PREYAN~1.KAU\AppData\Local\Temp\surefire248844996239466474\surefirebooter1673286319907723120.jar"/>
    <property name="sun.boot.class.path" value="C:\Program Files\Java\jdk1.8.0_211\jre\lib\resources.jar;C:\Program Files\Java\jdk1.8.0_211\jre\lib\rt.jar;C:\Program Files\Java\jdk1.8.0_211\jre\lib\sunrsasign.jar;C:\Program Files\Java\jdk1.8.0_211\jre\lib\jsse.jar;C:\Program Files\Java\jdk1.8.0_211\jre\lib\jce.jar;C:\Program Files\Java\jdk1.8.0_211\jre\lib\charsets.jar;C:\Program Files\Java\jdk1.8.0_211\jre\lib\jfr.jar;C:\Program Files\Java\jdk1.8.0_211\jre\classes"/>
    <property name="user.script" value=""/>
    <property name="sun.management.compiler" value="HotSpot 64-Bit Tiered Compilers"/>
    <property name="java.runtime.version" value="1.8.0_211-b12"/>
    <property name="user.name" value="preyansh.kaushik"/>
    <property name="path.separator" value=";"/>
    <property name="os.version" value="10.0"/>
    <property name="java.endorsed.dirs" value="C:\Program Files\Java\jdk1.8.0_211\jre\lib\endorsed"/>
    <property name="java.runtime.name" value="Java(TM) SE Runtime Environment"/>
    <property name="file.encoding" value="Cp1252"/>
    <property name="java.vm.name" value="Java HotSpot(TM) 64-Bit Server VM"/>
    <property name="localRepository" value="C:\Users\preyansh.kaushik\.m2\repository"/>
    <property name="java.vendor.url.bug" value="http://bugreport.sun.com/bugreport/"/>
    <property name="java.io.tmpdir" value="C:\Users\PREYAN~1.KAU\AppData\Local\Temp\"/>
    <property name="java.version" value="1.8.0_211"/>
    <property name="user.dir" value="C:\Users\preyansh.kaushik\Documents\rogers-test"/>
    <property name="os.arch" value="amd64"/>
    <property name="java.vm.specification.name" value="Java Virtual Machine Specification"/>
    <property name="java.awt.printerjob" value="sun.awt.windows.WPrinterJob"/>
    <property name="sun.os.patch.level" value=""/>
    <property name="java.library.path" value="C:\Program Files\Java\jdk1.8.0_211\jre\bin;C:\WINDOWS\Sun\Java\bin;C:\WINDOWS\system32;C:\WINDOWS;C:\Program Files (x86)\Common Files\Oracle\Java\javapath;C:\ProgramData\Oracle\Java\javapath;C:\WINDOWS\system32;C:\WINDOWS;C:\WINDOWS\System32\Wbem;C:\WINDOWS\System32\WindowsPowerShell\v1.0\;C:\Program Files (x86)\Common Files\Apple\Apple Application Support;C:\Program Files (x86)\Common Files\Apple\Mobile Device Support;C:\Program Files (x86)\Bulk Extractor 1.5.5\python;C:\Program Files (x86)\Bulk Extractor 1.5.5\32-bit;C:\Program Files (x86)\Bulk Extractor 1.5.5\64-bit;C:\Program Files\Java\jdk1.8.0_211\bin;C:\Program Files (x86)\sbt\bin;C:\Program Files\nodejs\;C:\Program Files\Maven\bin;C:\Program Files\PuTTY\;C:\Program Files\Git\cmd;C:\Users\preyansh.kaushik\Cassandra\bin;C:\Python27;C:\Users\preyansh.kaushik\AppData\Local\Microsoft\WindowsApps;C:\Users\preyansh.kaushik\AppData\Roaming\npm;C:\Users\preyansh.kaushik\AppData\Local\Programs\Fiddler;C:\Program Files\Microsoft VS Code\bin;."/>
    <property name="java.vm.info" value="mixed mode"/>
    <property name="java.vendor" value="Oracle Corporation"/>
    <property name="java.vm.version" value="25.211-b12"/>
    <property name="java.ext.dirs" value="C:\Program Files\Java\jdk1.8.0_211\jre\lib\ext;C:\WINDOWS\Sun\Java\lib\ext"/>
    <property name="sun.io.unicode.encoding" value="UnicodeLittle"/>
    <property name="java.class.version" value="52.0"/>
  </properties>
  <testcase name="testValidRegisterAsStudent" classname="com.pkaushik.safeHome.SafeHomeApplicationTests" time="0.797"/>
  <testcase name="testWalkerQueryList" classname="com.pkaushik.safeHome.SafeHomeApplicationTests" time="0.266">
    <failure message="expected:&lt;3&gt; but was:&lt;4&gt;" type="java.lang.AssertionError"><![CDATA[java.lang.AssertionError: expected:<3> but was:<4>
	at com.pkaushik.safeHome.SafeHomeApplicationTests.testWalkerQueryList(SafeHomeApplicationTests.java:182)
]]></failure>
  </testcase>
  <testcase name="testInvalidRegisterAsStudent" classname="com.pkaushik.safeHome.SafeHomeApplicationTests" time="0.181"/>
  <testcase name="testLogInAsStudentOnly" classname="com.pkaushik.safeHome.SafeHomeApplicationTests" time="0.125"/>
  <testcase name="testStudentQueryList" classname="com.pkaushik.safeHome.SafeHomeApplicationTests" time="0.14">
    <failure message="expected:&lt;3&gt; but was:&lt;8&gt;" type="java.lang.AssertionError"><![CDATA[java.lang.AssertionError: expected:<3> but was:<8>
	at com.pkaushik.safeHome.SafeHomeApplicationTests.testStudentQueryList(SafeHomeApplicationTests.java:196)
]]></failure>
  </testcase>
  <testcase name="testUserMapList" classname="com.pkaushik.safeHome.SafeHomeApplicationTests" time="0.199"/>
  <testcase name="testValidRegisterAsWalker" classname="com.pkaushik.safeHome.SafeHomeApplicationTests" time="0.09"/>
  <testcase name="testLogOutAfterLogIn" classname="com.pkaushik.safeHome.SafeHomeApplicationTests" time="0.157"/>
  <testcase name="testWalkerHasSchedule" classname="com.pkaushik.safeHome.SafeHomeApplicationTests" time="0.125"/>
  <testcase name="testLogInWithoutRegister" classname="com.pkaushik.safeHome.SafeHomeApplicationTests" time="0.062"/>
  <testcase name="testWalkersDTO" classname="com.pkaushik.safeHome.SafeHomeApplicationTests" time="0.078">
    <failure message="expected:&lt;02/12/3918 11:08:54&gt; but was:&lt;null&gt;" type="java.lang.AssertionError"><![CDATA[java.lang.AssertionError: expected:<02/12/3918 11:08:54> but was:<null>
	at com.pkaushik.safeHome.SafeHomeApplicationTests.testWalkersDTO(SafeHomeApplicationTests.java:220)
]]></failure>
  </testcase>
  <testcase name="testPassLogInAsWalker" classname="com.pkaushik.safeHome.SafeHomeApplicationTests" time="0.188"/>
  <testcase name="contextLoads" classname="com.pkaushik.safeHome.SafeHomeApplicationTests" time="0"/>
  <testcase name="testFailLogInAsWalker" classname="com.pkaushik.safeHome.SafeHomeApplicationTests" time="0.156"/>
  <testcase name="testUserQueryList" classname="com.pkaushik.safeHome.SafeHomeApplicationTests" time="0.25"/>
</testsuite>